<?xml version="1.0" encoding="UTF-8"?>
<!-- Generated by org.testng.reporters.JUnitXMLReporter -->
<testsuite ignored="1" hostname="DESKTOP-TLJD9VP" failures="0" tests="1" name="Test" time="15.465" errors="0" timestamp="2025-09-16T03:28:09 IST">
  <testcase classname="com.mystore.testcases.myAccountTest" name="verifyLogin" time="4.799"/>
  <testcase classname="com.mystore.testcases.myAccountTest" name="verifyRegistrationAndLogin" time="0.0">
    <ignored/>
  </testcase> <!-- verifyRegistrationAndLogin -->
</testsuite> <!-- Test -->
