<?xml version="1.0" encoding="UTF-8"?>
<testng-results ignored="1" total="2" passed="1" failed="0" skipped="0">
  <reporter-output>
  </reporter-output>
  <suite started-at="2025-09-16T03:27:53 IST" name="Suite" finished-at="2025-09-16T03:28:09 IST" duration-ms="15465">
    <groups>
    </groups>
    <test started-at="2025-09-16T03:27:53 IST" name="Test" finished-at="2025-09-16T03:28:09 IST" duration-ms="15465">
      <class name="com.mystore.testcases.myAccountTest">
        <test-method is-config="true" signature="setup()[pri:0, instance:com.mystore.testcases.myAccountTest@5562c41e]" started-at="2025-09-16T03:27:54 IST" name="setup" finished-at="2025-09-16T03:28:04 IST" duration-ms="10078" status="PASS">
          <reporter-output>
          </reporter-output>
        </test-method> <!-- setup -->
        <test-method signature="verifyLogin()[pri:0, instance:com.mystore.testcases.myAccountTest@5562c41e]" started-at="2025-09-16T03:28:04 IST" name="verifyLogin" finished-at="2025-09-16T03:28:09 IST" duration-ms="4799" status="PASS">
          <reporter-output>
          </reporter-output>
        </test-method> <!-- verifyLogin -->
        <test-method is-config="true" signature="tearDown()[pri:0, instance:com.mystore.testcases.myAccountTest@5562c41e]" started-at="2025-09-16T03:28:09 IST" name="tearDown" finished-at="2025-09-16T03:28:09 IST" duration-ms="195" status="PASS">
          <reporter-output>
          </reporter-output>
        </test-method> <!-- tearDown -->
      </class> <!-- com.mystore.testcases.myAccountTest -->
    </test> <!-- Test -->
  </suite> <!-- Suite -->
</testng-results>
